
                              < M A T L A B >
                  Copyright 1984-2006 The MathWorks, Inc.
                         Version 7.3.0.298 (R2006b)
                              August 03, 2006

 
  To get started, type one of these: helpwin, helpdesk, or demo.
  For product information, visit www.mathworks.com.
 
>> >> >> >> >> >> >> >> >> >> >> >> >> >> >> >> >> >> >> >> >> >> >> >> >> >> >> >> >> >> >> >> >> >> 
---------
beta = 1.61
beta_num = 1

N = 11
Equilibrated!
Post-Equil. MC Step 20000 (10%)
Post-Equil. MC Step 40000 (20%)
Post-Equil. MC Step 60000 (30%)
Post-Equil. MC Step 80000 (40%)
Post-Equil. MC Step 100000 (50%)
Post-Equil. MC Step 120000 (60%)
Post-Equil. MC Step 140000 (70%)
Post-Equil. MC Step 160000 (80%)
Post-Equil. MC Step 180000 (90%)
Post-Equil. MC Step 200000 (100%)
dir: /home/oevans/slime-mold/my_code
fname: ../data/n11_beta1.61_save.mat

N = 21
Equilibrated!
Post-Equil. MC Step 20000 (10%)
Post-Equil. MC Step 40000 (20%)
Post-Equil. MC Step 60000 (30%)
Post-Equil. MC Step 80000 (40%)
Post-Equil. MC Step 100000 (50%)
Post-Equil. MC Step 120000 (60%)
Post-Equil. MC Step 140000 (70%)
Post-Equil. MC Step 160000 (80%)
Post-Equil. MC Step 180000 (90%)
Post-Equil. MC Step 200000 (100%)
dir: /home/oevans/slime-mold/my_code
fname: ../data/n21_beta1.61_save.mat

N = 31
Equilibrated!
Post-Equil. MC Step 20000 (10%)
Post-Equil. MC Step 40000 (20%)
Post-Equil. MC Step 60000 (30%)
Post-Equil. MC Step 80000 (40%)
Post-Equil. MC Step 100000 (50%)
Post-Equil. MC Step 120000 (60%)
Post-Equil. MC Step 140000 (70%)
Post-Equil. MC Step 160000 (80%)
Post-Equil. MC Step 180000 (90%)
Post-Equil. MC Step 200000 (100%)
dir: /home/oevans/slime-mold/my_code
fname: ../data/n31_beta1.61_save.mat

N = 41
Equilibrated!
Post-Equil. MC Step 20000 (10%)
Post-Equil. MC Step 40000 (20%)
Post-Equil. MC Step 60000 (30%)
Post-Equil. MC Step 80000 (40%)
Post-Equil. MC Step 100000 (50%)
Post-Equil. MC Step 120000 (60%)
Post-Equil. MC Step 140000 (70%)
Post-Equil. MC Step 160000 (80%)
Post-Equil. MC Step 180000 (90%)
Post-Equil. MC Step 200000 (100%)
dir: /home/oevans/slime-mold/my_code
fname: ../data/n41_beta1.61_save.mat

N = 51
Equilibrated!
Post-Equil. MC Step 20000 (10%)
Post-Equil. MC Step 40000 (20%)
Post-Equil. MC Step 60000 (30%)
Post-Equil. MC Step 80000 (40%)
Post-Equil. MC Step 100000 (50%)
Post-Equil. MC Step 120000 (60%)
Post-Equil. MC Step 140000 (70%)
Post-Equil. MC Step 160000 (80%)
Post-Equil. MC Step 180000 (90%)
Post-Equil. MC Step 200000 (100%)
dir: /home/oevans/slime-mold/my_code
fname: ../data/n51_beta1.61_save.mat

N = 61
Equilibrated!
Post-Equil. MC Step 20000 (10%)
Post-Equil. MC Step 40000 (20%)
Post-Equil. MC Step 60000 (30%)
Post-Equil. MC Step 80000 (40%)
Post-Equil. MC Step 100000 (50%)
Post-Equil. MC Step 120000 (60%)
Post-Equil. MC Step 140000 (70%)
Post-Equil. MC Step 160000 (80%)
Post-Equil. MC Step 180000 (90%)
Post-Equil. MC Step 200000 (100%)
dir: /home/oevans/slime-mold/my_code
fname: ../data/n61_beta1.61_save.mat

N = 71
Equilibrated!
Post-Equil. MC Step 20000 (10%)
Post-Equil. MC Step 40000 (20%)
Post-Equil. MC Step 60000 (30%)
Post-Equil. MC Step 80000 (40%)
Post-Equil. MC Step 100000 (50%)
Post-Equil. MC Step 120000 (60%)
Post-Equil. MC Step 140000 (70%)
Post-Equil. MC Step 160000 (80%)
Post-Equil. MC Step 180000 (90%)
Post-Equil. MC Step 200000 (100%)
dir: /home/oevans/slime-mold/my_code
fname: ../data/n71_beta1.61_save.mat

N = 81
Equilibrated!
Post-Equil. MC Step 20000 (10%)
Post-Equil. MC Step 40000 (20%)
Post-Equil. MC Step 60000 (30%)
Post-Equil. MC Step 80000 (40%)
Post-Equil. MC Step 100000 (50%)
Post-Equil. MC Step 120000 (60%)
Post-Equil. MC Step 140000 (70%)
Post-Equil. MC Step 160000 (80%)
Post-Equil. MC Step 180000 (90%)
Post-Equil. MC Step 200000 (100%)
dir: /home/oevans/slime-mold/my_code
fname: ../data/n81_beta1.61_save.mat

N = 91
Equilibrated!
Post-Equil. MC Step 20000 (10%)
Post-Equil. MC Step 40000 (20%)
Post-Equil. MC Step 60000 (30%)
Post-Equil. MC Step 80000 (40%)
Post-Equil. MC Step 100000 (50%)
Post-Equil. MC Step 120000 (60%)
Post-Equil. MC Step 140000 (70%)
Post-Equil. MC Step 160000 (80%)
Post-Equil. MC Step 180000 (90%)
Post-Equil. MC Step 200000 (100%)
dir: /home/oevans/slime-mold/my_code
fname: ../data/n91_beta1.61_save.mat

N = 101
Equilibrated!
Post-Equil. MC Step 20000 (10%)
Post-Equil. MC Step 40000 (20%)
Post-Equil. MC Step 60000 (30%)
Post-Equil. MC Step 80000 (40%)
Post-Equil. MC Step 100000 (50%)
Post-Equil. MC Step 120000 (60%)
Post-Equil. MC Step 140000 (70%)
Post-Equil. MC Step 160000 (80%)
Post-Equil. MC Step 180000 (90%)
Post-Equil. MC Step 200000 (100%)
dir: /home/oevans/slime-mold/my_code
fname: ../data/n101_beta1.61_save.mat
m = 1.41 
b = -0.22

---------
beta = 0.92
beta_num = 2

N = 11
Equilibrated!
Post-Equil. MC Step 20000 (10%)
Post-Equil. MC Step 40000 (20%)
Post-Equil. MC Step 60000 (30%)
Post-Equil. MC Step 80000 (40%)
Post-Equil. MC Step 100000 (50%)
Post-Equil. MC Step 120000 (60%)
Post-Equil. MC Step 140000 (70%)
Post-Equil. MC Step 160000 (80%)
Post-Equil. MC Step 180000 (90%)
Post-Equil. MC Step 200000 (100%)
dir: /home/oevans/slime-mold/my_code
fname: ../data/n11_beta0.92_save.mat

N = 21
Equilibrated!
Post-Equil. MC Step 20000 (10%)
Post-Equil. MC Step 40000 (20%)
Post-Equil. MC Step 60000 (30%)
Post-Equil. MC Step 80000 (40%)
Post-Equil. MC Step 100000 (50%)
Post-Equil. MC Step 120000 (60%)
Post-Equil. MC Step 140000 (70%)
Post-Equil. MC Step 160000 (80%)
Post-Equil. MC Step 180000 (90%)
Post-Equil. MC Step 200000 (100%)
dir: /home/oevans/slime-mold/my_code
fname: ../data/n21_beta0.92_save.mat

N = 31
Equilibrated!
Post-Equil. MC Step 20000 (10%)
Post-Equil. MC Step 40000 (20%)
Post-Equil. MC Step 60000 (30%)
Post-Equil. MC Step 80000 (40%)
Post-Equil. MC Step 100000 (50%)
Post-Equil. MC Step 120000 (60%)
Post-Equil. MC Step 140000 (70%)
Post-Equil. MC Step 160000 (80%)
Post-Equil. MC Step 180000 (90%)
Post-Equil. MC Step 200000 (100%)
dir: /home/oevans/slime-mold/my_code
fname: ../data/n31_beta0.92_save.mat

N = 41
Equilibrated!
Post-Equil. MC Step 20000 (10%)
Post-Equil. MC Step 40000 (20%)
Post-Equil. MC Step 60000 (30%)
Post-Equil. MC Step 80000 (40%)
Post-Equil. MC Step 100000 (50%)
Post-Equil. MC Step 120000 (60%)
Post-Equil. MC Step 140000 (70%)
Post-Equil. MC Step 160000 (80%)
Post-Equil. MC Step 180000 (90%)
Post-Equil. MC Step 200000 (100%)
dir: /home/oevans/slime-mold/my_code
fname: ../data/n41_beta0.92_save.mat

N = 51
Equilibrated!
Post-Equil. MC Step 20000 (10%)
Post-Equil. MC Step 40000 (20%)
Post-Equil. MC Step 60000 (30%)
Post-Equil. MC Step 80000 (40%)
Post-Equil. MC Step 100000 (50%)
Post-Equil. MC Step 120000 (60%)
Post-Equil. MC Step 140000 (70%)
Post-Equil. MC Step 160000 (80%)
Post-Equil. MC Step 180000 (90%)
Post-Equil. MC Step 200000 (100%)
dir: /home/oevans/slime-mold/my_code
fname: ../data/n51_beta0.92_save.mat

N = 61
Equilibrated!
Post-Equil. MC Step 20000 (10%)
Post-Equil. MC Step 40000 (20%)
Post-Equil. MC Step 60000 (30%)
Post-Equil. MC Step 80000 (40%)
Post-Equil. MC Step 100000 (50%)
Post-Equil. MC Step 120000 (60%)
Post-Equil. MC Step 140000 (70%)
Post-Equil. MC Step 160000 (80%)
Post-Equil. MC Step 180000 (90%)
Post-Equil. MC Step 200000 (100%)
dir: /home/oevans/slime-mold/my_code
fname: ../data/n61_beta0.92_save.mat

N = 71
Equilibrated!
Post-Equil. MC Step 20000 (10%)
Post-Equil. MC Step 40000 (20%)
Post-Equil. MC Step 60000 (30%)
Post-Equil. MC Step 80000 (40%)
Post-Equil. MC Step 100000 (50%)
Post-Equil. MC Step 120000 (60%)
Post-Equil. MC Step 140000 (70%)
Post-Equil. MC Step 160000 (80%)
Post-Equil. MC Step 180000 (90%)
Post-Equil. MC Step 200000 (100%)
dir: /home/oevans/slime-mold/my_code
fname: ../data/n71_beta0.92_save.mat

N = 81
Equilibrated!
Post-Equil. MC Step 20000 (10%)
Post-Equil. MC Step 40000 (20%)
Post-Equil. MC Step 60000 (30%)
Post-Equil. MC Step 80000 (40%)
Post-Equil. MC Step 100000 (50%)
Post-Equil. MC Step 120000 (60%)
Post-Equil. MC Step 140000 (70%)
Post-Equil. MC Step 160000 (80%)
Post-Equil. MC Step 180000 (90%)
Post-Equil. MC Step 200000 (100%)
dir: /home/oevans/slime-mold/my_code
fname: ../data/n81_beta0.92_save.mat

N = 91
Equilibrated!
Post-Equil. MC Step 20000 (10%)
Post-Equil. MC Step 40000 (20%)
Post-Equil. MC Step 60000 (30%)
Post-Equil. MC Step 80000 (40%)
Post-Equil. MC Step 100000 (50%)
Post-Equil. MC Step 120000 (60%)
Post-Equil. MC Step 140000 (70%)
Post-Equil. MC Step 160000 (80%)
Post-Equil. MC Step 180000 (90%)
Post-Equil. MC Step 200000 (100%)
dir: /home/oevans/slime-mold/my_code
fname: ../data/n91_beta0.92_save.mat

N = 101
Equilibrated!
Post-Equil. MC Step 20000 (10%)
Post-Equil. MC Step 40000 (20%)
Post-Equil. MC Step 60000 (30%)
Post-Equil. MC Step 80000 (40%)
Post-Equil. MC Step 100000 (50%)
Post-Equil. MC Step 120000 (60%)
Post-Equil. MC Step 140000 (70%)
Post-Equil. MC Step 160000 (80%)
Post-Equil. MC Step 180000 (90%)
Post-Equil. MC Step 200000 (100%)
dir: /home/oevans/slime-mold/my_code
fname: ../data/n101_beta0.92_save.mat
m = 1.54 
b = -0.82

---------
beta = 0.51
beta_num = 3

N = 11
Equilibrated!
Post-Equil. MC Step 20000 (10%)
Post-Equil. MC Step 40000 (20%)
Post-Equil. MC Step 60000 (30%)
Post-Equil. MC Step 80000 (40%)
Post-Equil. MC Step 100000 (50%)
Post-Equil. MC Step 120000 (60%)
Post-Equil. MC Step 140000 (70%)
Post-Equil. MC Step 160000 (80%)
Post-Equil. MC Step 180000 (90%)
Post-Equil. MC Step 200000 (100%)
dir: /home/oevans/slime-mold/my_code
fname: ../data/n11_beta0.51_save.mat

N = 21
Equilibrated!
Post-Equil. MC Step 20000 (10%)
Post-Equil. MC Step 40000 (20%)
Post-Equil. MC Step 60000 (30%)
Post-Equil. MC Step 80000 (40%)
Post-Equil. MC Step 100000 (50%)
Post-Equil. MC Step 120000 (60%)
Post-Equil. MC Step 140000 (70%)
Post-Equil. MC Step 160000 (80%)
Post-Equil. MC Step 180000 (90%)
Post-Equil. MC Step 200000 (100%)
dir: /home/oevans/slime-mold/my_code
fname: ../data/n21_beta0.51_save.mat

N = 31
Equilibrated!
Post-Equil. MC Step 20000 (10%)
Post-Equil. MC Step 40000 (20%)
Post-Equil. MC Step 60000 (30%)
Post-Equil. MC Step 80000 (40%)
Post-Equil. MC Step 100000 (50%)
Post-Equil. MC Step 120000 (60%)
Post-Equil. MC Step 140000 (70%)
Post-Equil. MC Step 160000 (80%)
Post-Equil. MC Step 180000 (90%)
Post-Equil. MC Step 200000 (100%)
dir: /home/oevans/slime-mold/my_code
fname: ../data/n31_beta0.51_save.mat

N = 41
Equilibrated!
Post-Equil. MC Step 20000 (10%)
Post-Equil. MC Step 40000 (20%)
Post-Equil. MC Step 60000 (30%)
Post-Equil. MC Step 80000 (40%)
Post-Equil. MC Step 100000 (50%)
Post-Equil. MC Step 120000 (60%)
Post-Equil. MC Step 140000 (70%)
Post-Equil. MC Step 160000 (80%)
Post-Equil. MC Step 180000 (90%)
Post-Equil. MC Step 200000 (100%)
dir: /home/oevans/slime-mold/my_code
fname: ../data/n41_beta0.51_save.mat

N = 51
Equilibrated!
Post-Equil. MC Step 20000 (10%)
Post-Equil. MC Step 40000 (20%)
Post-Equil. MC Step 60000 (30%)
Post-Equil. MC Step 80000 (40%)
Post-Equil. MC Step 100000 (50%)
Post-Equil. MC Step 120000 (60%)
Post-Equil. MC Step 140000 (70%)
Post-Equil. MC Step 160000 (80%)
Post-Equil. MC Step 180000 (90%)
Post-Equil. MC Step 200000 (100%)
dir: /home/oevans/slime-mold/my_code
fname: ../data/n51_beta0.51_save.mat

N = 61
Equilibrated!
Post-Equil. MC Step 20000 (10%)
Post-Equil. MC Step 40000 (20%)
Post-Equil. MC Step 60000 (30%)
Post-Equil. MC Step 80000 (40%)
Post-Equil. MC Step 100000 (50%)
Post-Equil. MC Step 120000 (60%)
Post-Equil. MC Step 140000 (70%)
Post-Equil. MC Step 160000 (80%)
Post-Equil. MC Step 180000 (90%)
Post-Equil. MC Step 200000 (100%)
dir: /home/oevans/slime-mold/my_code
fname: ../data/n61_beta0.51_save.mat

N = 71
Equilibrated!
Post-Equil. MC Step 20000 (10%)
Post-Equil. MC Step 40000 (20%)
Post-Equil. MC Step 60000 (30%)
Post-Equil. MC Step 80000 (40%)
Post-Equil. MC Step 100000 (50%)
Post-Equil. MC Step 120000 (60%)
Post-Equil. MC Step 140000 (70%)
Post-Equil. MC Step 160000 (80%)
Post-Equil. MC Step 180000 (90%)
Post-Equil. MC Step 200000 (100%)
dir: /home/oevans/slime-mold/my_code
fname: ../data/n71_beta0.51_save.mat

N = 81
Equilibrated!
Post-Equil. MC Step 20000 (10%)
Post-Equil. MC Step 40000 (20%)
Post-Equil. MC Step 60000 (30%)
Post-Equil. MC Step 80000 (40%)
Post-Equil. MC Step 100000 (50%)
Post-Equil. MC Step 120000 (60%)
Post-Equil. MC Step 140000 (70%)
Post-Equil. MC Step 160000 (80%)
Post-Equil. MC Step 180000 (90%)
Post-Equil. MC Step 200000 (100%)
dir: /home/oevans/slime-mold/my_code
fname: ../data/n81_beta0.51_save.mat

N = 91
Equilibrated!
Post-Equil. MC Step 20000 (10%)
Post-Equil. MC Step 40000 (20%)
Post-Equil. MC Step 60000 (30%)
Post-Equil. MC Step 80000 (40%)
Post-Equil. MC Step 100000 (50%)
Post-Equil. MC Step 120000 (60%)
Post-Equil. MC Step 140000 (70%)
Post-Equil. MC Step 160000 (80%)
Post-Equil. MC Step 180000 (90%)
Post-Equil. MC Step 200000 (100%)
dir: /home/oevans/slime-mold/my_code
fname: ../data/n91_beta0.51_save.mat

N = 101
Equilibrated!
Post-Equil. MC Step 20000 (10%)
Post-Equil. MC Step 40000 (20%)
Post-Equil. MC Step 60000 (30%)
Post-Equil. MC Step 80000 (40%)
Post-Equil. MC Step 100000 (50%)
Post-Equil. MC Step 120000 (60%)
Post-Equil. MC Step 140000 (70%)
Post-Equil. MC Step 160000 (80%)
Post-Equil. MC Step 180000 (90%)
Post-Equil. MC Step 200000 (100%)
dir: /home/oevans/slime-mold/my_code
fname: ../data/n101_beta0.51_save.mat
m = 1.40 
b = -0.60

---------
beta = 0.22
beta_num = 4

N = 11
Equilibrated!
Post-Equil. MC Step 20000 (10%)
Post-Equil. MC Step 40000 (20%)
Post-Equil. MC Step 60000 (30%)
Post-Equil. MC Step 80000 (40%)
Post-Equil. MC Step 100000 (50%)
Post-Equil. MC Step 120000 (60%)
Post-Equil. MC Step 140000 (70%)
Post-Equil. MC Step 160000 (80%)
Post-Equil. MC Step 180000 (90%)
Post-Equil. MC Step 200000 (100%)
dir: /home/oevans/slime-mold/my_code
fname: ../data/n11_beta0.22_save.mat

N = 21
Equilibrated!
Post-Equil. MC Step 20000 (10%)
Post-Equil. MC Step 40000 (20%)
Post-Equil. MC Step 60000 (30%)
Post-Equil. MC Step 80000 (40%)
Post-Equil. MC Step 100000 (50%)
Post-Equil. MC Step 120000 (60%)
Post-Equil. MC Step 140000 (70%)
Post-Equil. MC Step 160000 (80%)
Post-Equil. MC Step 180000 (90%)
Post-Equil. MC Step 200000 (100%)
dir: /home/oevans/slime-mold/my_code
fname: ../data/n21_beta0.22_save.mat

N = 31
Equilibrated!
Post-Equil. MC Step 20000 (10%)
Post-Equil. MC Step 40000 (20%)
Post-Equil. MC Step 60000 (30%)
Post-Equil. MC Step 80000 (40%)
Post-Equil. MC Step 100000 (50%)
Post-Equil. MC Step 120000 (60%)
Post-Equil. MC Step 140000 (70%)
Post-Equil. MC Step 160000 (80%)
Post-Equil. MC Step 180000 (90%)
Post-Equil. MC Step 200000 (100%)
dir: /home/oevans/slime-mold/my_code
fname: ../data/n31_beta0.22_save.mat

N = 41
Equilibrated!
Post-Equil. MC Step 20000 (10%)
Post-Equil. MC Step 40000 (20%)
Post-Equil. MC Step 60000 (30%)
Post-Equil. MC Step 80000 (40%)
Post-Equil. MC Step 100000 (50%)
Post-Equil. MC Step 120000 (60%)
Post-Equil. MC Step 140000 (70%)
Post-Equil. MC Step 160000 (80%)
Post-Equil. MC Step 180000 (90%)
Post-Equil. MC Step 200000 (100%)
dir: /home/oevans/slime-mold/my_code
fname: ../data/n41_beta0.22_save.mat

N = 51
Equilibrated!
Post-Equil. MC Step 20000 (10%)
Post-Equil. MC Step 40000 (20%)
Post-Equil. MC Step 60000 (30%)
Post-Equil. MC Step 80000 (40%)
Post-Equil. MC Step 100000 (50%)
Post-Equil. MC Step 120000 (60%)
Post-Equil. MC Step 140000 (70%)
Post-Equil. MC Step 160000 (80%)
Post-Equil. MC Step 180000 (90%)
Post-Equil. MC Step 200000 (100%)
dir: /home/oevans/slime-mold/my_code
fname: ../data/n51_beta0.22_save.mat

N = 61
Equilibrated!
Post-Equil. MC Step 20000 (10%)
Post-Equil. MC Step 40000 (20%)
Post-Equil. MC Step 60000 (30%)
Post-Equil. MC Step 80000 (40%)
Post-Equil. MC Step 100000 (50%)
Post-Equil. MC Step 120000 (60%)
Post-Equil. MC Step 140000 (70%)
Post-Equil. MC Step 160000 (80%)
Post-Equil. MC Step 180000 (90%)
Post-Equil. MC Step 200000 (100%)
dir: /home/oevans/slime-mold/my_code
fname: ../data/n61_beta0.22_save.mat

N = 71
Equilibrated!
Post-Equil. MC Step 20000 (10%)
Post-Equil. MC Step 40000 (20%)
Post-Equil. MC Step 60000 (30%)
Post-Equil. MC Step 80000 (40%)
Post-Equil. MC Step 100000 (50%)
Post-Equil. MC Step 120000 (60%)
Post-Equil. MC Step 140000 (70%)
Post-Equil. MC Step 160000 (80%)
Post-Equil. MC Step 180000 (90%)
Post-Equil. MC Step 200000 (100%)
dir: /home/oevans/slime-mold/my_code
fname: ../data/n71_beta0.22_save.mat

N = 81
Equilibrated!
Post-Equil. MC Step 20000 (10%)
Post-Equil. MC Step 40000 (20%)
Post-Equil. MC Step 60000 (30%)
Post-Equil. MC Step 80000 (40%)
Post-Equil. MC Step 100000 (50%)
Post-Equil. MC Step 120000 (60%)
Post-Equil. MC Step 140000 (70%)
Post-Equil. MC Step 160000 (80%)
Post-Equil. MC Step 180000 (90%)
Post-Equil. MC Step 200000 (100%)
dir: /home/oevans/slime-mold/my_code
fname: ../data/n81_beta0.22_save.mat

N = 91
Equilibrated!
Post-Equil. MC Step 20000 (10%)
Post-Equil. MC Step 40000 (20%)
Post-Equil. MC Step 60000 (30%)
Post-Equil. MC Step 80000 (40%)
Post-Equil. MC Step 100000 (50%)
Post-Equil. MC Step 120000 (60%)
Post-Equil. MC Step 140000 (70%)
Post-Equil. MC Step 160000 (80%)
Post-Equil. MC Step 180000 (90%)
Post-Equil. MC Step 200000 (100%)
dir: /home/oevans/slime-mold/my_code
fname: ../data/n91_beta0.22_save.mat

N = 101
Equilibrated!
Post-Equil. MC Step 20000 (10%)
Post-Equil. MC Step 40000 (20%)
Post-Equil. MC Step 60000 (30%)
Post-Equil. MC Step 80000 (40%)
Post-Equil. MC Step 100000 (50%)
Post-Equil. MC Step 120000 (60%)
Post-Equil. MC Step 140000 (70%)
Post-Equil. MC Step 160000 (80%)
Post-Equil. MC Step 180000 (90%)
Post-Equil. MC Step 200000 (100%)
dir: /home/oevans/slime-mold/my_code
fname: ../data/n101_beta0.22_save.mat
m = 1.23 
b = -0.34

---------
beta = -0.00
beta_num = 5

N = 11
Equilibrated!
Post-Equil. MC Step 20000 (10%)
Post-Equil. MC Step 40000 (20%)
Post-Equil. MC Step 60000 (30%)
Post-Equil. MC Step 80000 (40%)
Post-Equil. MC Step 100000 (50%)
Post-Equil. MC Step 120000 (60%)
Post-Equil. MC Step 140000 (70%)
Post-Equil. MC Step 160000 (80%)
Post-Equil. MC Step 180000 (90%)
Post-Equil. MC Step 200000 (100%)
dir: /home/oevans/slime-mold/my_code
fname: ../data/n11_beta-0.00_save.mat

N = 21
Equilibrated!
Post-Equil. MC Step 20000 (10%)
Post-Equil. MC Step 40000 (20%)
Post-Equil. MC Step 60000 (30%)
Post-Equil. MC Step 80000 (40%)
Post-Equil. MC Step 100000 (50%)
Post-Equil. MC Step 120000 (60%)
Post-Equil. MC Step 140000 (70%)
Post-Equil. MC Step 160000 (80%)
Post-Equil. MC Step 180000 (90%)
Post-Equil. MC Step 200000 (100%)
dir: /home/oevans/slime-mold/my_code
fname: ../data/n21_beta-0.00_save.mat

N = 31
Equilibrated!
Post-Equil. MC Step 20000 (10%)
Post-Equil. MC Step 40000 (20%)
Post-Equil. MC Step 60000 (30%)
Post-Equil. MC Step 80000 (40%)
Post-Equil. MC Step 100000 (50%)
Post-Equil. MC Step 120000 (60%)
Post-Equil. MC Step 140000 (70%)
Post-Equil. MC Step 160000 (80%)
Post-Equil. MC Step 180000 (90%)
Post-Equil. MC Step 200000 (100%)
dir: /home/oevans/slime-mold/my_code
fname: ../data/n31_beta-0.00_save.mat

N = 41
Equilibrated!
Post-Equil. MC Step 20000 (10%)
Post-Equil. MC Step 40000 (20%)
Post-Equil. MC Step 60000 (30%)
Post-Equil. MC Step 80000 (40%)
Post-Equil. MC Step 100000 (50%)
Post-Equil. MC Step 120000 (60%)
Post-Equil. MC Step 140000 (70%)
Post-Equil. MC Step 160000 (80%)
Post-Equil. MC Step 180000 (90%)
Post-Equil. MC Step 200000 (100%)
dir: /home/oevans/slime-mold/my_code
fname: ../data/n41_beta-0.00_save.mat

N = 51
Equilibrated!
Post-Equil. MC Step 20000 (10%)
Post-Equil. MC Step 40000 (20%)
Post-Equil. MC Step 60000 (30%)
Post-Equil. MC Step 80000 (40%)
Post-Equil. MC Step 100000 (50%)
Post-Equil. MC Step 120000 (60%)
Post-Equil. MC Step 140000 (70%)
Post-Equil. MC Step 160000 (80%)
Post-Equil. MC Step 180000 (90%)
Post-Equil. MC Step 200000 (100%)
dir: /home/oevans/slime-mold/my_code
fname: ../data/n51_beta-0.00_save.mat

N = 61
Equilibrated!
Post-Equil. MC Step 20000 (10%)
Post-Equil. MC Step 40000 (20%)
Post-Equil. MC Step 60000 (30%)
Post-Equil. MC Step 80000 (40%)
Post-Equil. MC Step 100000 (50%)
Post-Equil. MC Step 120000 (60%)
Post-Equil. MC Step 140000 (70%)
Post-Equil. MC Step 160000 (80%)
Post-Equil. MC Step 180000 (90%)
Post-Equil. MC Step 200000 (100%)
dir: /home/oevans/slime-mold/my_code
fname: ../data/n61_beta-0.00_save.mat

N = 71
Equilibrated!
Post-Equil. MC Step 20000 (10%)
Post-Equil. MC Step 40000 (20%)
Post-Equil. MC Step 60000 (30%)
Post-Equil. MC Step 80000 (40%)
Post-Equil. MC Step 100000 (50%)
Post-Equil. MC Step 120000 (60%)
Post-Equil. MC Step 140000 (70%)
Post-Equil. MC Step 160000 (80%)
Post-Equil. MC Step 180000 (90%)
Post-Equil. MC Step 200000 (100%)
dir: /home/oevans/slime-mold/my_code
fname: ../data/n71_beta-0.00_save.mat

N = 81
Equilibrated!
Post-Equil. MC Step 20000 (10%)
Post-Equil. MC Step 40000 (20%)
Post-Equil. MC Step 60000 (30%)
Post-Equil. MC Step 80000 (40%)
Post-Equil. MC Step 100000 (50%)
Post-Equil. MC Step 120000 (60%)
Post-Equil. MC Step 140000 (70%)
Post-Equil. MC Step 160000 (80%)
Post-Equil. MC Step 180000 (90%)
Post-Equil. MC Step 200000 (100%)
dir: /home/oevans/slime-mold/my_code
fname: ../data/n81_beta-0.00_save.mat

N = 91
Equilibrated!
Post-Equil. MC Step 20000 (10%)
Post-Equil. MC Step 40000 (20%)
Post-Equil. MC Step 60000 (30%)
Post-Equil. MC Step 80000 (40%)
Post-Equil. MC Step 100000 (50%)
Post-Equil. MC Step 120000 (60%)
Post-Equil. MC Step 140000 (70%)
Post-Equil. MC Step 160000 (80%)
Post-Equil. MC Step 180000 (90%)
Post-Equil. MC Step 200000 (100%)
dir: /home/oevans/slime-mold/my_code
fname: ../data/n91_beta-0.00_save.mat

N = 101
Equilibrated!
Post-Equil. MC Step 20000 (10%)
Post-Equil. MC Step 40000 (20%)
Post-Equil. MC Step 60000 (30%)
Post-Equil. MC Step 80000 (40%)
Post-Equil. MC Step 100000 (50%)
Post-Equil. MC Step 120000 (60%)
Post-Equil. MC Step 140000 (70%)
Post-Equil. MC Step 160000 (80%)
Post-Equil. MC Step 180000 (90%)
Post-Equil. MC Step 200000 (100%)
dir: /home/oevans/slime-mold/my_code
fname: ../data/n101_beta-0.00_save.mat
m = 1.00 
b = 0.00
>> >> >> >> >> >> >> >> >> >> >> >> >> >> >> >> >> >> >> dir: /home/oevans/slime-mold/my_code
>> fname: ../data/n_comparison.mat
>> >> Warning: Objects of specgraph.errorbarseries class exist - not clearing this class
or any of its super-classes
Warning: Objects of graph2d.lineseries class exist - not clearing this class
or any of its super-classes
Warning: Objects of scribe.legend class exist - not clearing this class
or any of its super-classes
Warning: Objects of scribe.legendinfo class exist - not clearing this class
or any of its super-classes
Warning: Objects of scribe.legendinfochild class exist - not clearing this class
or any of its super-classes
Warning: Objects of graphics.panbehavior class exist - not clearing this class
or any of its super-classes
Warning: Objects of graphics.zoombehavior class exist - not clearing this class
or any of its super-classes
Warning: Objects of graphics.rotate3dbehavior class exist - not clearing this class
or any of its super-classes
Warning: Objects of graphics.datacursorbehavior class exist - not clearing this class
or any of its super-classes
Warning: Objects of graphics.ploteditbehavior class exist - not clearing this class
or any of its super-classes
