
                              < M A T L A B >
                  Copyright 1984-2006 The MathWorks, Inc.
                         Version 7.3.0.298 (R2006b)
                              August 03, 2006

 
  To get started, type one of these: helpwin, helpdesk, or demo.
  For product information, visit www.mathworks.com.
 
>> >> >> >> >> >> >> >> >> >> >> >> >> >> n_comparison.m
>> dir: /home/oevans/slime-mold/my_code
>> fname: ../data/n_comparison.mat
>> >> >> >> >> >> >> >> >> >> >> >> >> >> 
N_vals =

    16
    32
    64
   128

>> 
MCsteps =

       10000

>> >> >> >> >> >> >> >> >> >> >> >> >> >> >> >> >> >> >> >> >> >> >> >> >> >> >> >> >> >> >> >> >> >> >> >> >> >> >> >> >> >> >> >> >> >> >> >> >> >> >> 
---------
beta = 0.00
beta_num = 1

N = 16
Equilibrated!
Post-Equil. MC Step 1000 (10%)
Post-Equil. MC Step 2000 (20%)
Post-Equil. MC Step 3000 (30%)
Post-Equil. MC Step 4000 (40%)
Post-Equil. MC Step 5000 (50%)
Post-Equil. MC Step 6000 (60%)
Post-Equil. MC Step 7000 (70%)
Post-Equil. MC Step 8000 (80%)
Post-Equil. MC Step 9000 (90%)
Post-Equil. MC Step 10000 (100%)
dir: /home/oevans/slime-mold/my_code
fname: ../data/n16_beta0.00_save.mat
Saving workspace

N = 32
Equilibrated!
Post-Equil. MC Step 1000 (10%)
Post-Equil. MC Step 2000 (20%)
Post-Equil. MC Step 3000 (30%)
Post-Equil. MC Step 4000 (40%)
Post-Equil. MC Step 5000 (50%)
Post-Equil. MC Step 6000 (60%)
Post-Equil. MC Step 7000 (70%)
Post-Equil. MC Step 8000 (80%)
Post-Equil. MC Step 9000 (90%)
Post-Equil. MC Step 10000 (100%)
dir: /home/oevans/slime-mold/my_code
fname: ../data/n32_beta0.00_save.mat
Saving workspace

N = 64
Equilibrated!
Post-Equil. MC Step 1000 (10%)
Post-Equil. MC Step 2000 (20%)
Post-Equil. MC Step 3000 (30%)
Post-Equil. MC Step 4000 (40%)
Post-Equil. MC Step 5000 (50%)
Post-Equil. MC Step 6000 (60%)
Post-Equil. MC Step 7000 (70%)
Post-Equil. MC Step 8000 (80%)
Post-Equil. MC Step 9000 (90%)
Post-Equil. MC Step 10000 (100%)
dir: /home/oevans/slime-mold/my_code
fname: ../data/n64_beta0.00_save.mat
Saving workspace

N = 128
Equilibrated!
Post-Equil. MC Step 1000 (10%)
Post-Equil. MC Step 2000 (20%)
Post-Equil. MC Step 3000 (30%)
Post-Equil. MC Step 4000 (40%)
Post-Equil. MC Step 5000 (50%)
Post-Equil. MC Step 6000 (60%)
Post-Equil. MC Step 7000 (70%)
Post-Equil. MC Step 8000 (80%)
Post-Equil. MC Step 9000 (90%)
Post-Equil. MC Step 10000 (100%)
dir: /home/oevans/slime-mold/my_code
fname: ../data/n128_beta0.00_save.mat
Saving workspace
m = 1.00 
b = 0.01

---------
beta = 0.05
beta_num = 2

N = 16
Equilibrated!
Post-Equil. MC Step 1000 (10%)
Post-Equil. MC Step 2000 (20%)
Post-Equil. MC Step 3000 (30%)
Post-Equil. MC Step 4000 (40%)
Post-Equil. MC Step 5000 (50%)
Post-Equil. MC Step 6000 (60%)
Post-Equil. MC Step 7000 (70%)
Post-Equil. MC Step 8000 (80%)
Post-Equil. MC Step 9000 (90%)
Post-Equil. MC Step 10000 (100%)
dir: /home/oevans/slime-mold/my_code
fname: ../data/n16_beta0.05_save.mat
Saving workspace

N = 32
Equilibrated!
Post-Equil. MC Step 1000 (10%)
Post-Equil. MC Step 2000 (20%)
Post-Equil. MC Step 3000 (30%)
Post-Equil. MC Step 4000 (40%)
Post-Equil. MC Step 5000 (50%)
Post-Equil. MC Step 6000 (60%)
Post-Equil. MC Step 7000 (70%)
Post-Equil. MC Step 8000 (80%)
Post-Equil. MC Step 9000 (90%)
Post-Equil. MC Step 10000 (100%)
dir: /home/oevans/slime-mold/my_code
fname: ../data/n32_beta0.05_save.mat
Saving workspace

N = 64
Equilibrated!
Post-Equil. MC Step 1000 (10%)
Post-Equil. MC Step 2000 (20%)
Post-Equil. MC Step 3000 (30%)
Post-Equil. MC Step 4000 (40%)
Post-Equil. MC Step 5000 (50%)
Post-Equil. MC Step 6000 (60%)
Post-Equil. MC Step 7000 (70%)
Post-Equil. MC Step 8000 (80%)
Post-Equil. MC Step 9000 (90%)
Post-Equil. MC Step 10000 (100%)
dir: /home/oevans/slime-mold/my_code
fname: ../data/n64_beta0.05_save.mat
Saving workspace

N = 128
Equilibrated!
Post-Equil. MC Step 1000 (10%)
Post-Equil. MC Step 2000 (20%)
Post-Equil. MC Step 3000 (30%)
Post-Equil. MC Step 4000 (40%)
Post-Equil. MC Step 5000 (50%)
Post-Equil. MC Step 6000 (60%)
Post-Equil. MC Step 7000 (70%)
Post-Equil. MC Step 8000 (80%)
Post-Equil. MC Step 9000 (90%)
Post-Equil. MC Step 10000 (100%)
dir: /home/oevans/slime-mold/my_code
fname: ../data/n128_beta0.05_save.mat
Saving workspace
m = 1.21 
b = -0.49

---------
beta = 0.20
beta_num = 3

N = 16
Equilibrated!
Post-Equil. MC Step 1000 (10%)
Post-Equil. MC Step 2000 (20%)
Post-Equil. MC Step 3000 (30%)
Post-Equil. MC Step 4000 (40%)
Post-Equil. MC Step 5000 (50%)
Post-Equil. MC Step 6000 (60%)
Post-Equil. MC Step 7000 (70%)
Post-Equil. MC Step 8000 (80%)
Post-Equil. MC Step 9000 (90%)
Post-Equil. MC Step 10000 (100%)
dir: /home/oevans/slime-mold/my_code
fname: ../data/n16_beta0.20_save.mat
Saving workspace

N = 32
Equilibrated!
Post-Equil. MC Step 1000 (10%)
Post-Equil. MC Step 2000 (20%)
Post-Equil. MC Step 3000 (30%)
Post-Equil. MC Step 4000 (40%)
Post-Equil. MC Step 5000 (50%)
Post-Equil. MC Step 6000 (60%)
Post-Equil. MC Step 7000 (70%)
Post-Equil. MC Step 8000 (80%)
Post-Equil. MC Step 9000 (90%)
Post-Equil. MC Step 10000 (100%)
dir: /home/oevans/slime-mold/my_code
fname: ../data/n32_beta0.20_save.mat
Saving workspace

N = 64
Equilibrated!
Post-Equil. MC Step 1000 (10%)
Post-Equil. MC Step 2000 (20%)
Post-Equil. MC Step 3000 (30%)
Post-Equil. MC Step 4000 (40%)
Post-Equil. MC Step 5000 (50%)
Post-Equil. MC Step 6000 (60%)
Post-Equil. MC Step 7000 (70%)
Post-Equil. MC Step 8000 (80%)
Post-Equil. MC Step 9000 (90%)
Post-Equil. MC Step 10000 (100%)
dir: /home/oevans/slime-mold/my_code
fname: ../data/n64_beta0.20_save.mat
Saving workspace

N = 128
Equilibrated!
Post-Equil. MC Step 1000 (10%)
Post-Equil. MC Step 2000 (20%)
Post-Equil. MC Step 3000 (30%)
Post-Equil. MC Step 4000 (40%)
Post-Equil. MC Step 5000 (50%)
Post-Equil. MC Step 6000 (60%)
Post-Equil. MC Step 7000 (70%)
Post-Equil. MC Step 8000 (80%)
Post-Equil. MC Step 9000 (90%)
Post-Equil. MC Step 10000 (100%)
dir: /home/oevans/slime-mold/my_code
fname: ../data/n128_beta0.20_save.mat
Saving workspace
m = 1.38 
b = -0.75

---------
beta = 0.44
beta_num = 4

N = 16
Equilibrated!
Post-Equil. MC Step 1000 (10%)
Post-Equil. MC Step 2000 (20%)
Post-Equil. MC Step 3000 (30%)
Post-Equil. MC Step 4000 (40%)
Post-Equil. MC Step 5000 (50%)
Post-Equil. MC Step 6000 (60%)
Post-Equil. MC Step 7000 (70%)
Post-Equil. MC Step 8000 (80%)
Post-Equil. MC Step 9000 (90%)
Post-Equil. MC Step 10000 (100%)
dir: /home/oevans/slime-mold/my_code
fname: ../data/n16_beta0.44_save.mat
Saving workspace

N = 32
Equilibrated!
Post-Equil. MC Step 1000 (10%)
Post-Equil. MC Step 2000 (20%)
Post-Equil. MC Step 3000 (30%)
Post-Equil. MC Step 4000 (40%)
Post-Equil. MC Step 5000 (50%)
Post-Equil. MC Step 6000 (60%)
Post-Equil. MC Step 7000 (70%)
Post-Equil. MC Step 8000 (80%)
Post-Equil. MC Step 9000 (90%)
Post-Equil. MC Step 10000 (100%)
dir: /home/oevans/slime-mold/my_code
fname: ../data/n32_beta0.44_save.mat
Saving workspace

N = 64
Equilibrated!
Post-Equil. MC Step 1000 (10%)
Post-Equil. MC Step 2000 (20%)
Post-Equil. MC Step 3000 (30%)
Post-Equil. MC Step 4000 (40%)
Post-Equil. MC Step 5000 (50%)
Post-Equil. MC Step 6000 (60%)
Post-Equil. MC Step 7000 (70%)
Post-Equil. MC Step 8000 (80%)
Post-Equil. MC Step 9000 (90%)
Post-Equil. MC Step 10000 (100%)
dir: /home/oevans/slime-mold/my_code
fname: ../data/n64_beta0.44_save.mat
Saving workspace

N = 128
Equilibrated!
Post-Equil. MC Step 1000 (10%)
Post-Equil. MC Step 2000 (20%)
Post-Equil. MC Step 3000 (30%)
Post-Equil. MC Step 4000 (40%)
Post-Equil. MC Step 5000 (50%)
Post-Equil. MC Step 6000 (60%)
Post-Equil. MC Step 7000 (70%)
Post-Equil. MC Step 8000 (80%)
Post-Equil. MC Step 9000 (90%)
Post-Equil. MC Step 10000 (100%)
dir: /home/oevans/slime-mold/my_code
fname: ../data/n128_beta0.44_save.mat
Saving workspace
m = 1.45 
b = -0.70

---------
beta = 0.79
beta_num = 5

N = 16
Equilibrated!
Post-Equil. MC Step 1000 (10%)
Post-Equil. MC Step 2000 (20%)
Post-Equil. MC Step 3000 (30%)
Post-Equil. MC Step 4000 (40%)
Post-Equil. MC Step 5000 (50%)
Post-Equil. MC Step 6000 (60%)
Post-Equil. MC Step 7000 (70%)
Post-Equil. MC Step 8000 (80%)
Post-Equil. MC Step 9000 (90%)
Post-Equil. MC Step 10000 (100%)
dir: /home/oevans/slime-mold/my_code
fname: ../data/n16_beta0.79_save.mat
Saving workspace

N = 32
Equilibrated!
Post-Equil. MC Step 1000 (10%)
Post-Equil. MC Step 2000 (20%)
Post-Equil. MC Step 3000 (30%)
Post-Equil. MC Step 4000 (40%)
Post-Equil. MC Step 5000 (50%)
Post-Equil. MC Step 6000 (60%)
Post-Equil. MC Step 7000 (70%)
Post-Equil. MC Step 8000 (80%)
Post-Equil. MC Step 9000 (90%)
Post-Equil. MC Step 10000 (100%)
dir: /home/oevans/slime-mold/my_code
fname: ../data/n32_beta0.79_save.mat
Saving workspace

N = 64
Equilibrated!
Post-Equil. MC Step 1000 (10%)
Post-Equil. MC Step 2000 (20%)
Post-Equil. MC Step 3000 (30%)
Post-Equil. MC Step 4000 (40%)
Post-Equil. MC Step 5000 (50%)
Post-Equil. MC Step 6000 (60%)
Post-Equil. MC Step 7000 (70%)
Post-Equil. MC Step 8000 (80%)
Post-Equil. MC Step 9000 (90%)
Post-Equil. MC Step 10000 (100%)
dir: /home/oevans/slime-mold/my_code
fname: ../data/n64_beta0.79_save.mat
Saving workspace

N = 128
Equilibrated!
Post-Equil. MC Step 1000 (10%)
Post-Equil. MC Step 2000 (20%)
Post-Equil. MC Step 3000 (30%)
Post-Equil. MC Step 4000 (40%)
Post-Equil. MC Step 5000 (50%)
Post-Equil. MC Step 6000 (60%)
Post-Equil. MC Step 7000 (70%)
Post-Equil. MC Step 8000 (80%)
Post-Equil. MC Step 9000 (90%)
Post-Equil. MC Step 10000 (100%)
dir: /home/oevans/slime-mold/my_code
fname: ../data/n128_beta0.79_save.mat
Saving workspace
m = 1.47 
b = -0.55

---------
beta = 1.23
beta_num = 6

N = 16
Equilibrated!
Post-Equil. MC Step 1000 (10%)
Post-Equil. MC Step 2000 (20%)
Post-Equil. MC Step 3000 (30%)
Post-Equil. MC Step 4000 (40%)
Post-Equil. MC Step 5000 (50%)
Post-Equil. MC Step 6000 (60%)
Post-Equil. MC Step 7000 (70%)
Post-Equil. MC Step 8000 (80%)
Post-Equil. MC Step 9000 (90%)
Post-Equil. MC Step 10000 (100%)
dir: /home/oevans/slime-mold/my_code
fname: ../data/n16_beta1.23_save.mat
Saving workspace

N = 32
Equilibrated!
Post-Equil. MC Step 1000 (10%)
Post-Equil. MC Step 2000 (20%)
Post-Equil. MC Step 3000 (30%)
Post-Equil. MC Step 4000 (40%)
Post-Equil. MC Step 5000 (50%)
Post-Equil. MC Step 6000 (60%)
Post-Equil. MC Step 7000 (70%)
Post-Equil. MC Step 8000 (80%)
Post-Equil. MC Step 9000 (90%)
Post-Equil. MC Step 10000 (100%)
dir: /home/oevans/slime-mold/my_code
fname: ../data/n32_beta1.23_save.mat
Saving workspace

N = 64
Equilibrated!
Post-Equil. MC Step 1000 (10%)
Post-Equil. MC Step 2000 (20%)
Post-Equil. MC Step 3000 (30%)
Post-Equil. MC Step 4000 (40%)
Post-Equil. MC Step 5000 (50%)
Post-Equil. MC Step 6000 (60%)
Post-Equil. MC Step 7000 (70%)
Post-Equil. MC Step 8000 (80%)
Post-Equil. MC Step 9000 (90%)
Post-Equil. MC Step 10000 (100%)
dir: /home/oevans/slime-mold/my_code
fname: ../data/n64_beta1.23_save.mat
Saving workspace

N = 128
Equilibrated!
Post-Equil. MC Step 1000 (10%)
Post-Equil. MC Step 2000 (20%)
Post-Equil. MC Step 3000 (30%)
Post-Equil. MC Step 4000 (40%)
Post-Equil. MC Step 5000 (50%)
Post-Equil. MC Step 6000 (60%)
Post-Equil. MC Step 7000 (70%)
Post-Equil. MC Step 8000 (80%)
Post-Equil. MC Step 9000 (90%)
Post-Equil. MC Step 10000 (100%)
dir: /home/oevans/slime-mold/my_code
fname: ../data/n128_beta1.23_save.mat
Saving workspace
m = 1.47 
b = -0.38

---------
beta = 1.78
beta_num = 7

N = 16
Equilibrated!
Post-Equil. MC Step 1000 (10%)
Post-Equil. MC Step 2000 (20%)
Post-Equil. MC Step 3000 (30%)
Post-Equil. MC Step 4000 (40%)
Post-Equil. MC Step 5000 (50%)
Post-Equil. MC Step 6000 (60%)
Post-Equil. MC Step 7000 (70%)
Post-Equil. MC Step 8000 (80%)
Post-Equil. MC Step 9000 (90%)
Post-Equil. MC Step 10000 (100%)
dir: /home/oevans/slime-mold/my_code
fname: ../data/n16_beta1.78_save.mat
Saving workspace

N = 32
Equilibrated!
Post-Equil. MC Step 1000 (10%)
Post-Equil. MC Step 2000 (20%)
Post-Equil. MC Step 3000 (30%)
Post-Equil. MC Step 4000 (40%)
Post-Equil. MC Step 5000 (50%)
Post-Equil. MC Step 6000 (60%)
Post-Equil. MC Step 7000 (70%)
Post-Equil. MC Step 8000 (80%)
Post-Equil. MC Step 9000 (90%)
Post-Equil. MC Step 10000 (100%)
dir: /home/oevans/slime-mold/my_code
fname: ../data/n32_beta1.78_save.mat
Saving workspace

N = 64
Equilibrated!
Post-Equil. MC Step 1000 (10%)
Post-Equil. MC Step 2000 (20%)
Post-Equil. MC Step 3000 (30%)
Post-Equil. MC Step 4000 (40%)
Post-Equil. MC Step 5000 (50%)
Post-Equil. MC Step 6000 (60%)
Post-Equil. MC Step 7000 (70%)
Post-Equil. MC Step 8000 (80%)
Post-Equil. MC Step 9000 (90%)
Post-Equil. MC Step 10000 (100%)
dir: /home/oevans/slime-mold/my_code
fname: ../data/n64_beta1.78_save.mat
Saving workspace

N = 128
Equilibrated!
Post-Equil. MC Step 1000 (10%)
Post-Equil. MC Step 2000 (20%)
Post-Equil. MC Step 3000 (30%)
Post-Equil. MC Step 4000 (40%)
Post-Equil. MC Step 5000 (50%)
Post-Equil. MC Step 6000 (60%)
Post-Equil. MC Step 7000 (70%)
Post-Equil. MC Step 8000 (80%)
Post-Equil. MC Step 9000 (90%)
Post-Equil. MC Step 10000 (100%)
dir: /home/oevans/slime-mold/my_code
fname: ../data/n128_beta1.78_save.mat
Saving workspace
m = 1.47 
b = -0.26

---------
beta = 2.42
beta_num = 8

N = 16
Equilibrated!
Post-Equil. MC Step 1000 (10%)
Post-Equil. MC Step 2000 (20%)
Post-Equil. MC Step 3000 (30%)
Post-Equil. MC Step 4000 (40%)
Post-Equil. MC Step 5000 (50%)
Post-Equil. MC Step 6000 (60%)
Post-Equil. MC Step 7000 (70%)
Post-Equil. MC Step 8000 (80%)
Post-Equil. MC Step 9000 (90%)
Post-Equil. MC Step 10000 (100%)
dir: /home/oevans/slime-mold/my_code
fname: ../data/n16_beta2.42_save.mat
Saving workspace

N = 32
Equilibrated!
Post-Equil. MC Step 1000 (10%)
Post-Equil. MC Step 2000 (20%)
Post-Equil. MC Step 3000 (30%)
Post-Equil. MC Step 4000 (40%)
Post-Equil. MC Step 5000 (50%)
Post-Equil. MC Step 6000 (60%)
Post-Equil. MC Step 7000 (70%)
Post-Equil. MC Step 8000 (80%)
Post-Equil. MC Step 9000 (90%)
Post-Equil. MC Step 10000 (100%)
dir: /home/oevans/slime-mold/my_code
fname: ../data/n32_beta2.42_save.mat
Saving workspace

N = 64
Equilibrated!
Post-Equil. MC Step 1000 (10%)
Post-Equil. MC Step 2000 (20%)
Post-Equil. MC Step 3000 (30%)
Post-Equil. MC Step 4000 (40%)
Post-Equil. MC Step 5000 (50%)
Post-Equil. MC Step 6000 (60%)
Post-Equil. MC Step 7000 (70%)
Post-Equil. MC Step 8000 (80%)
Post-Equil. MC Step 9000 (90%)
Post-Equil. MC Step 10000 (100%)
dir: /home/oevans/slime-mold/my_code
fname: ../data/n64_beta2.42_save.mat
Saving workspace

N = 128
Equilibrated!
Post-Equil. MC Step 1000 (10%)
Post-Equil. MC Step 2000 (20%)
Post-Equil. MC Step 3000 (30%)
Post-Equil. MC Step 4000 (40%)
Post-Equil. MC Step 5000 (50%)
Post-Equil. MC Step 6000 (60%)
Post-Equil. MC Step 7000 (70%)
Post-Equil. MC Step 8000 (80%)
Post-Equil. MC Step 9000 (90%)
Post-Equil. MC Step 10000 (100%)
dir: /home/oevans/slime-mold/my_code
fname: ../data/n128_beta2.42_save.mat
Saving workspace
m = 1.49 
b = -0.25

---------
beta = 3.16
beta_num = 9

N = 16
Equilibrated!
Post-Equil. MC Step 1000 (10%)
Post-Equil. MC Step 2000 (20%)
Post-Equil. MC Step 3000 (30%)
Post-Equil. MC Step 4000 (40%)
Post-Equil. MC Step 5000 (50%)
Post-Equil. MC Step 6000 (60%)
Post-Equil. MC Step 7000 (70%)
Post-Equil. MC Step 8000 (80%)
Post-Equil. MC Step 9000 (90%)
Post-Equil. MC Step 10000 (100%)
dir: /home/oevans/slime-mold/my_code
fname: ../data/n16_beta3.16_save.mat
Saving workspace

N = 32
Equilibrated!
Post-Equil. MC Step 1000 (10%)
Post-Equil. MC Step 2000 (20%)
Post-Equil. MC Step 3000 (30%)
Post-Equil. MC Step 4000 (40%)
Post-Equil. MC Step 5000 (50%)
Post-Equil. MC Step 6000 (60%)
Post-Equil. MC Step 7000 (70%)
Post-Equil. MC Step 8000 (80%)
Post-Equil. MC Step 9000 (90%)
Post-Equil. MC Step 10000 (100%)
dir: /home/oevans/slime-mold/my_code
fname: ../data/n32_beta3.16_save.mat
Saving workspace

N = 64
Equilibrated!
Post-Equil. MC Step 1000 (10%)
Post-Equil. MC Step 2000 (20%)
Post-Equil. MC Step 3000 (30%)
Post-Equil. MC Step 4000 (40%)
Post-Equil. MC Step 5000 (50%)
Post-Equil. MC Step 6000 (60%)
Post-Equil. MC Step 7000 (70%)
Post-Equil. MC Step 8000 (80%)
Post-Equil. MC Step 9000 (90%)
Post-Equil. MC Step 10000 (100%)
dir: /home/oevans/slime-mold/my_code
fname: ../data/n64_beta3.16_save.mat
Saving workspace

N = 128
Equilibrated!
Post-Equil. MC Step 1000 (10%)
Post-Equil. MC Step 2000 (20%)
Post-Equil. MC Step 3000 (30%)
Post-Equil. MC Step 4000 (40%)
Post-Equil. MC Step 5000 (50%)
Post-Equil. MC Step 6000 (60%)
Post-Equil. MC Step 7000 (70%)
Post-Equil. MC Step 8000 (80%)
Post-Equil. MC Step 9000 (90%)
Post-Equil. MC Step 10000 (100%)
dir: /home/oevans/slime-mold/my_code
fname: ../data/n128_beta3.16_save.mat
Saving workspace
m = 1.48 
b = -0.19

---------
beta = 4.00
beta_num = 10

N = 16
Equilibrated!
Post-Equil. MC Step 1000 (10%)
Post-Equil. MC Step 2000 (20%)
Post-Equil. MC Step 3000 (30%)
Post-Equil. MC Step 4000 (40%)
Post-Equil. MC Step 5000 (50%)
Post-Equil. MC Step 6000 (60%)
Post-Equil. MC Step 7000 (70%)
Post-Equil. MC Step 8000 (80%)
Post-Equil. MC Step 9000 (90%)
Post-Equil. MC Step 10000 (100%)
dir: /home/oevans/slime-mold/my_code
fname: ../data/n16_beta4.00_save.mat
Saving workspace

N = 32
Equilibrated!
Post-Equil. MC Step 1000 (10%)
Post-Equil. MC Step 2000 (20%)
Post-Equil. MC Step 3000 (30%)
Post-Equil. MC Step 4000 (40%)
Post-Equil. MC Step 5000 (50%)
Post-Equil. MC Step 6000 (60%)
Post-Equil. MC Step 7000 (70%)
Post-Equil. MC Step 8000 (80%)
Post-Equil. MC Step 9000 (90%)
Post-Equil. MC Step 10000 (100%)
dir: /home/oevans/slime-mold/my_code
fname: ../data/n32_beta4.00_save.mat
Saving workspace

N = 64
Equilibrated!
Post-Equil. MC Step 1000 (10%)
Post-Equil. MC Step 2000 (20%)
Post-Equil. MC Step 3000 (30%)
Post-Equil. MC Step 4000 (40%)
Post-Equil. MC Step 5000 (50%)
Post-Equil. MC Step 6000 (60%)
Post-Equil. MC Step 7000 (70%)
Post-Equil. MC Step 8000 (80%)
Post-Equil. MC Step 9000 (90%)
Post-Equil. MC Step 10000 (100%)
dir: /home/oevans/slime-mold/my_code
fname: ../data/n64_beta4.00_save.mat
Saving workspace

N = 128
Equilibrated!
Post-Equil. MC Step 1000 (10%)
Post-Equil. MC Step 2000 (20%)
Post-Equil. MC Step 3000 (30%)
Post-Equil. MC Step 4000 (40%)
Post-Equil. MC Step 5000 (50%)
Post-Equil. MC Step 6000 (60%)
Post-Equil. MC Step 7000 (70%)
Post-Equil. MC Step 8000 (80%)
Post-Equil. MC Step 9000 (90%)
Post-Equil. MC Step 10000 (100%)
dir: /home/oevans/slime-mold/my_code
fname: ../data/n128_beta4.00_save.mat
Saving workspace
m = 1.48 
b = -0.16
>> >> >> >> >> >> >> >> >> >> >> >> >> >> >> >> >> >> >> >> >> >> >> >> >> >> >> >> >> Warning: Objects of graph2d.lineseries class exist - not clearing this class
or any of its super-classes
Warning: Objects of scribe.legend class exist - not clearing this class
or any of its super-classes
Warning: Objects of scribe.legendinfo class exist - not clearing this class
or any of its super-classes
Warning: Objects of scribe.legendinfochild class exist - not clearing this class
or any of its super-classes
Warning: Objects of graphics.panbehavior class exist - not clearing this class
or any of its super-classes
Warning: Objects of graphics.zoombehavior class exist - not clearing this class
or any of its super-classes
Warning: Objects of graphics.rotate3dbehavior class exist - not clearing this class
or any of its super-classes
Warning: Objects of graphics.datacursorbehavior class exist - not clearing this class
or any of its super-classes
Warning: Objects of graphics.ploteditbehavior class exist - not clearing this class
or any of its super-classes
Warning: Objects of specgraph.errorbarseries class exist - not clearing this class
or any of its super-classes
